2021-11-16 16:17:53.293  INFO 2532 --- [main] c.s.parkshark.ParksharkApplication       : Starting ParksharkApplication using Java 17 on Zero-PC with PID 2532 (E:\Switchfully\parkshark\target\classes started by HansR_jiynuo0 in E:\Switchfully\parkshark)
2021-11-16 16:17:53.295  INFO 2532 --- [main] c.s.parkshark.ParksharkApplication       : No active profile set, falling back to default profiles: default
2021-11-16 16:17:53.830  INFO 2532 --- [main] .s.d.r.c.RepositoryConfigurationDelegate : Bootstrapping Spring Data JPA repositories in DEFAULT mode.
2021-11-16 16:17:53.841  INFO 2532 --- [main] .s.d.r.c.RepositoryConfigurationDelegate : Finished Spring Data repository scanning in 4 ms. Found 0 JPA repository interfaces.
2021-11-16 16:17:54.213  INFO 2532 --- [main] o.s.b.w.embedded.tomcat.TomcatWebServer  : Tomcat initialized with port(s): 8080 (http)
2021-11-16 16:17:54.220  INFO 2532 --- [main] o.apache.catalina.core.StandardService   : Starting service [Tomcat]
2021-11-16 16:17:54.220  INFO 2532 --- [main] org.apache.catalina.core.StandardEngine  : Starting Servlet engine: [Apache Tomcat/9.0.54]
2021-11-16 16:17:54.319  INFO 2532 --- [main] o.a.c.c.C.[Tomcat].[localhost].[/]       : Initializing Spring embedded WebApplicationContext
2021-11-16 16:17:54.320  INFO 2532 --- [main] w.s.c.ServletWebServerApplicationContext : Root WebApplicationContext: initialization completed in 974 ms
2021-11-16 16:17:54.423  INFO 2532 --- [main] com.zaxxer.hikari.HikariDataSource       : HikariPool-1 - Starting...
2021-11-16 16:17:55.035  INFO 2532 --- [main] com.zaxxer.hikari.HikariDataSource       : HikariPool-1 - Start completed.
2021-11-16 16:17:55.069  INFO 2532 --- [main] o.hibernate.jpa.internal.util.LogHelper  : HHH000204: Processing PersistenceUnitInfo [name: default]
2021-11-16 16:17:55.112  INFO 2532 --- [main] org.hibernate.Version                    : HHH000412: Hibernate ORM core version 5.4.32.Final
2021-11-16 16:17:55.218  INFO 2532 --- [main] o.hibernate.annotations.common.Version   : HCANN000001: Hibernate Commons Annotations {5.1.2.Final}
2021-11-16 16:17:55.303  INFO 2532 --- [main] org.hibernate.dialect.Dialect            : HHH000400: Using dialect: org.hibernate.dialect.PostgreSQL10Dialect
2021-11-16 16:17:55.726  INFO 2532 --- [main] o.h.e.t.j.p.i.JtaPlatformInitiator       : HHH000490: Using JtaPlatform implementation: [org.hibernate.engine.transaction.jta.platform.internal.NoJtaPlatform]
2021-11-16 16:17:55.734  INFO 2532 --- [main] j.LocalContainerEntityManagerFactoryBean : Initialized JPA EntityManagerFactory for persistence unit 'default'
2021-11-16 16:17:55.761  WARN 2532 --- [main] JpaBaseConfiguration$JpaWebConfiguration : spring.jpa.open-in-view is enabled by default. Therefore, database queries may be performed during view rendering. Explicitly configure spring.jpa.open-in-view to disable this warning
2021-11-16 16:17:55.992  WARN 2532 --- [main] ConfigServletWebServerApplicationContext : Exception encountered during context initialization - cancelling refresh attempt: org.springframework.context.ApplicationContextException: Failed to start bean 'webServerStartStop'; nested exception is org.springframework.boot.web.server.PortInUseException: Port 8080 is already in use
2021-11-16 16:17:55.993  INFO 2532 --- [main] j.LocalContainerEntityManagerFactoryBean : Closing JPA EntityManagerFactory for persistence unit 'default'
2021-11-16 16:17:55.995  INFO 2532 --- [main] com.zaxxer.hikari.HikariDataSource       : HikariPool-1 - Shutdown initiated...
2021-11-16 16:17:56.218  INFO 2532 --- [main] com.zaxxer.hikari.HikariDataSource       : HikariPool-1 - Shutdown completed.
2021-11-16 16:17:56.222  INFO 2532 --- [main] o.apache.catalina.core.StandardService   : Stopping service [Tomcat]
2021-11-16 16:17:56.232  INFO 2532 --- [main] ConditionEvaluationReportLoggingListener : 

Error starting ApplicationContext. To display the conditions report re-run your application with 'debug' enabled.
2021-11-16 16:17:56.243 ERROR 2532 --- [main] o.s.b.d.LoggingFailureAnalysisReporter   : 

***************************
APPLICATION FAILED TO START
***************************

Description:

Web server failed to start. Port 8080 was already in use.

Action:

Identify and stop the process that's listening on port 8080 or configure this application to listen on another port.

2021-11-16 16:18:32.272  INFO 27156 --- [main] c.s.parkshark.ParksharkApplication       : Starting ParksharkApplication using Java 17 on Zero-PC with PID 27156 (E:\Switchfully\parkshark\target\classes started by HansR_jiynuo0 in E:\Switchfully\parkshark)
2021-11-16 16:18:32.274  INFO 27156 --- [main] c.s.parkshark.ParksharkApplication       : No active profile set, falling back to default profiles: default
2021-11-16 16:18:32.717  INFO 27156 --- [main] .s.d.r.c.RepositoryConfigurationDelegate : Bootstrapping Spring Data JPA repositories in DEFAULT mode.
2021-11-16 16:18:32.727  INFO 27156 --- [main] .s.d.r.c.RepositoryConfigurationDelegate : Finished Spring Data repository scanning in 3 ms. Found 0 JPA repository interfaces.
2021-11-16 16:18:33.066  INFO 27156 --- [main] o.s.b.w.embedded.tomcat.TomcatWebServer  : Tomcat initialized with port(s): 8080 (http)
2021-11-16 16:18:33.072  INFO 27156 --- [main] o.apache.catalina.core.StandardService   : Starting service [Tomcat]
2021-11-16 16:18:33.072  INFO 27156 --- [main] org.apache.catalina.core.StandardEngine  : Starting Servlet engine: [Apache Tomcat/9.0.54]
2021-11-16 16:18:33.169  INFO 27156 --- [main] o.a.c.c.C.[Tomcat].[localhost].[/]       : Initializing Spring embedded WebApplicationContext
2021-11-16 16:18:33.170  INFO 27156 --- [main] w.s.c.ServletWebServerApplicationContext : Root WebApplicationContext: initialization completed in 859 ms
2021-11-16 16:18:33.254  INFO 27156 --- [main] com.zaxxer.hikari.HikariDataSource       : HikariPool-1 - Starting...
2021-11-16 16:18:33.772  INFO 27156 --- [main] com.zaxxer.hikari.HikariDataSource       : HikariPool-1 - Start completed.
2021-11-16 16:18:33.801  INFO 27156 --- [main] o.hibernate.jpa.internal.util.LogHelper  : HHH000204: Processing PersistenceUnitInfo [name: default]
2021-11-16 16:18:33.830  INFO 27156 --- [main] org.hibernate.Version                    : HHH000412: Hibernate ORM core version 5.4.32.Final
2021-11-16 16:18:33.903  INFO 27156 --- [main] o.hibernate.annotations.common.Version   : HCANN000001: Hibernate Commons Annotations {5.1.2.Final}
2021-11-16 16:18:33.972  INFO 27156 --- [main] org.hibernate.dialect.Dialect            : HHH000400: Using dialect: org.hibernate.dialect.PostgreSQL10Dialect
2021-11-16 16:18:34.371  INFO 27156 --- [main] o.h.e.t.j.p.i.JtaPlatformInitiator       : HHH000490: Using JtaPlatform implementation: [org.hibernate.engine.transaction.jta.platform.internal.NoJtaPlatform]
2021-11-16 16:18:34.378  INFO 27156 --- [main] j.LocalContainerEntityManagerFactoryBean : Initialized JPA EntityManagerFactory for persistence unit 'default'
2021-11-16 16:18:34.405  WARN 27156 --- [main] JpaBaseConfiguration$JpaWebConfiguration : spring.jpa.open-in-view is enabled by default. Therefore, database queries may be performed during view rendering. Explicitly configure spring.jpa.open-in-view to disable this warning
2021-11-16 16:18:34.628  INFO 27156 --- [main] o.s.b.w.embedded.tomcat.TomcatWebServer  : Tomcat started on port(s): 8080 (http) with context path ''
2021-11-16 16:18:34.636  INFO 27156 --- [main] c.s.parkshark.ParksharkApplication       : Started ParksharkApplication in 2.651 seconds (JVM running for 3.209)
2021-11-16 16:24:37.744  INFO 27156 --- [SpringApplicationShutdownHook] j.LocalContainerEntityManagerFactoryBean : Closing JPA EntityManagerFactory for persistence unit 'default'
2021-11-16 16:24:37.745  INFO 27156 --- [SpringApplicationShutdownHook] com.zaxxer.hikari.HikariDataSource       : HikariPool-1 - Shutdown initiated...
2021-11-16 16:24:37.750  INFO 27156 --- [SpringApplicationShutdownHook] com.zaxxer.hikari.HikariDataSource       : HikariPool-1 - Shutdown completed.
2021-11-16 16:24:41.681  INFO 23976 --- [main] c.s.parkshark.ParksharkApplication       : Starting ParksharkApplication using Java 17 on Zero-PC with PID 23976 (E:\Switchfully\parkshark\target\classes started by HansR_jiynuo0 in E:\Switchfully\parkshark)
2021-11-16 16:24:41.683  INFO 23976 --- [main] c.s.parkshark.ParksharkApplication       : No active profile set, falling back to default profiles: default
2021-11-16 16:24:42.116  INFO 23976 --- [main] .s.d.r.c.RepositoryConfigurationDelegate : Bootstrapping Spring Data JPA repositories in DEFAULT mode.
2021-11-16 16:24:42.126  INFO 23976 --- [main] .s.d.r.c.RepositoryConfigurationDelegate : Finished Spring Data repository scanning in 3 ms. Found 0 JPA repository interfaces.
2021-11-16 16:24:42.456  INFO 23976 --- [main] o.s.b.w.embedded.tomcat.TomcatWebServer  : Tomcat initialized with port(s): 8080 (http)
2021-11-16 16:24:42.462  INFO 23976 --- [main] o.apache.catalina.core.StandardService   : Starting service [Tomcat]
2021-11-16 16:24:42.462  INFO 23976 --- [main] org.apache.catalina.core.StandardEngine  : Starting Servlet engine: [Apache Tomcat/9.0.54]
2021-11-16 16:24:42.559  INFO 23976 --- [main] o.a.c.c.C.[Tomcat].[localhost].[/]       : Initializing Spring embedded WebApplicationContext
2021-11-16 16:24:42.559  INFO 23976 --- [main] w.s.c.ServletWebServerApplicationContext : Root WebApplicationContext: initialization completed in 838 ms
2021-11-16 16:24:42.645  INFO 23976 --- [main] com.zaxxer.hikari.HikariDataSource       : HikariPool-1 - Starting...
2021-11-16 16:24:43.192  INFO 23976 --- [main] com.zaxxer.hikari.HikariDataSource       : HikariPool-1 - Start completed.
2021-11-16 16:24:43.220  INFO 23976 --- [main] o.hibernate.jpa.internal.util.LogHelper  : HHH000204: Processing PersistenceUnitInfo [name: default]
2021-11-16 16:24:43.249  INFO 23976 --- [main] org.hibernate.Version                    : HHH000412: Hibernate ORM core version 5.4.32.Final
2021-11-16 16:24:43.323  INFO 23976 --- [main] o.hibernate.annotations.common.Version   : HCANN000001: Hibernate Commons Annotations {5.1.2.Final}
2021-11-16 16:24:43.397  INFO 23976 --- [main] org.hibernate.dialect.Dialect            : HHH000400: Using dialect: org.hibernate.dialect.PostgreSQL10Dialect
2021-11-16 16:24:43.803  INFO 23976 --- [main] o.h.e.t.j.p.i.JtaPlatformInitiator       : HHH000490: Using JtaPlatform implementation: [org.hibernate.engine.transaction.jta.platform.internal.NoJtaPlatform]
2021-11-16 16:24:43.811  INFO 23976 --- [main] j.LocalContainerEntityManagerFactoryBean : Initialized JPA EntityManagerFactory for persistence unit 'default'
2021-11-16 16:24:43.839  WARN 23976 --- [main] JpaBaseConfiguration$JpaWebConfiguration : spring.jpa.open-in-view is enabled by default. Therefore, database queries may be performed during view rendering. Explicitly configure spring.jpa.open-in-view to disable this warning
2021-11-16 16:24:44.067  INFO 23976 --- [main] o.s.b.w.embedded.tomcat.TomcatWebServer  : Tomcat started on port(s): 8080 (http) with context path ''
2021-11-16 16:24:44.075  INFO 23976 --- [main] c.s.parkshark.ParksharkApplication       : Started ParksharkApplication in 2.67 seconds (JVM running for 3.229)
2021-11-16 16:53:54.181  INFO 23976 --- [SpringApplicationShutdownHook] j.LocalContainerEntityManagerFactoryBean : Closing JPA EntityManagerFactory for persistence unit 'default'
2021-11-16 16:53:54.182  INFO 23976 --- [SpringApplicationShutdownHook] com.zaxxer.hikari.HikariDataSource       : HikariPool-1 - Shutdown initiated...
2021-11-16 16:53:54.187  INFO 23976 --- [SpringApplicationShutdownHook] com.zaxxer.hikari.HikariDataSource       : HikariPool-1 - Shutdown completed.
